Using pre-set license
Built from '2020.3/staging' branch; Version is '2020.3.0f1 (c7b5465681fb) revision 13088070'; Using compiler version '192528614'; Build Type 'Release'
OS: 'Windows 10 Pro; OS build 19042.804; Version 2009; 64bit' Language: 'en' Physical Memory: 16309 MB
BatchMode: 1, IsHumanControllingUs: 0, StartBugReporterOnCrash: 0, Is64bit: 1, IsPro: 0

 COMMAND LINE ARGUMENTS:
C:\Program Files\Unity\Hub\Editor\2020.3.0f1\Editor\Unity.exe
-adb2
-batchMode
-noUpm
-name
AssetImportWorker0
-projectPath
C:/Users/veron/ProjCOP/Power Chess
-logFile
Logs/AssetImportWorker0.log
-srvPort
63184
Successfully changed project path to: C:/Users/veron/ProjCOP/Power Chess
C:/Users/veron/ProjCOP/Power Chess
Using Asset Import Pipeline V2.
Refreshing native plugins compatible for Editor in 37.86 ms, found 0 plugins.
Preloading 0 native plugins for Editor in 0.00 ms.
Initialize engine version: 2020.3.0f1 (c7b5465681fb)
[Subsystems] Discovering subsystems at path C:/Program Files/Unity/Hub/Editor/2020.3.0f1/Editor/Data/Resources/UnitySubsystems
[Subsystems] Discovering subsystems at path C:/Users/veron/ProjCOP/Power Chess/Assets
GfxDevice: creating device client; threaded=0
Direct3D:
    Version:  Direct3D 11.0 [level 11.1]
    Renderer: NVIDIA GeForce GTX 1650 SUPER (ID=0x2187)
    Vendor:   
    VRAM:     3955 MB
    Driver:   27.21.14.6079
Initialize mono
Mono path[0] = 'C:/Program Files/Unity/Hub/Editor/2020.3.0f1/Editor/Data/Managed'
Mono path[1] = 'C:/Program Files/Unity/Hub/Editor/2020.3.0f1/Editor/Data/MonoBleedingEdge/lib/mono/unityjit'
Mono config path = 'C:/Program Files/Unity/Hub/Editor/2020.3.0f1/Editor/Data/MonoBleedingEdge/etc'
Using monoOptions --debugger-agent=transport=dt_socket,embedding=1,server=y,suspend=n,address=127.0.0.1:56372
Begin MonoManager ReloadAssembly
Registering precompiled unity dll's ...
Register platform support module: C:/Program Files/Unity/Hub/Editor/2020.3.0f1/Editor/Data/PlaybackEngines/WindowsStandaloneSupport/UnityEditor.WindowsStandalone.Extensions.dll
Registered in 0.002613 seconds.
Native extension for WindowsStandalone target not found
Refreshing native plugins compatible for Editor in 22.16 ms, found 0 plugins.
Preloading 0 native plugins for Editor in 0.00 ms.
Invoked RoslynAnalysisRunner static constructor.
RoslynAnalysisRunner will not be running.
RoslynAnalysisRunner has terminated.
Mono: successfully reloaded assembly
- Completed reload, in  0.961 seconds
Platform modules already initialized, skipping
Registering precompiled user dll's ...
Registered in 0.000889 seconds.
Begin MonoManager ReloadAssembly
Symbol file data-000001FC8C3E0030 doesn't match image C:\Users\veron\ProjCOP\Power Chess\Library\ScriptAssemblies\Unity.VisualStudio.Editor.dll
Symbol file LoadedFromMemory is not a mono symbol file
Native extension for WindowsStandalone target not found
Refreshing native plugins compatible for Editor in 0.28 ms, found 0 plugins.
Preloading 0 native plugins for Editor in 0.00 ms.
Invoked RoslynAnalysisRunner static constructor.
RoslynAnalysisRunner will not be running.
RoslynAnalysisRunner has terminated.
Mono: successfully reloaded assembly
- Completed reload, in  0.677 seconds
Platform modules already initialized, skipping
========================================================================
Worker process is ready to serve import requests
Launched and connected shader compiler UnityShaderCompiler.exe after 0.09 seconds
Refreshing native plugins compatible for Editor in 0.26 ms, found 0 plugins.
Preloading 0 native plugins for Editor in 0.00 ms.
Unloading 1153 Unused Serialized files (Serialized files now loaded: 0)
System memory in use before: 142.1 MB.
System memory in use after: 142.1 MB.

Unloading 10 unused Assets to reduce memory usage. Loaded Objects now: 1614.
Total: 1.641300 ms (FindLiveObjects: 0.198900 ms CreateObjectMapping: 0.029600 ms MarkObjects: 1.348900 ms  DeleteObjects: 0.062800 ms)

========================================================================
Received Import Request.
  path: Assets/Scripts/BoardManager.cs
  artifactKey: Guid(46c27ffa5144c584da4ae7124ce8f80a) Importer(815301076,1909f56bfc062723c751e8b465ee728b)
Start importing Assets/Scripts/BoardManager.cs using Guid(46c27ffa5144c584da4ae7124ce8f80a) Importer(815301076,1909f56bfc062723c751e8b465ee728b)  -> (artifact id: '0f03c7968f6f059bc5bf120eba4ab234') in 0.033577 seconds
  Import took 0.036640 seconds .

========================================================================
Received Import Request.
  Time since last request: 87.828072 seconds.
  path: Assets/Scripts/CoinFlip.cs
  artifactKey: Guid(7399d7c986a8c1f458aa470d0a45cc1d) Importer(815301076,1909f56bfc062723c751e8b465ee728b)
Start importing Assets/Scripts/CoinFlip.cs using Guid(7399d7c986a8c1f458aa470d0a45cc1d) Importer(815301076,1909f56bfc062723c751e8b465ee728b)  -> (artifact id: 'ca600d854d600d5145722faea47e14f8') in 0.006615 seconds
  Import took 0.012571 seconds .

========================================================================
Received Import Request.
  Time since last request: 0.000253 seconds.
  path: Assets/Scripts/CoinFlip.cs
  artifactKey: Guid(7399d7c986a8c1f458aa470d0a45cc1d) Importer(815301076,1909f56bfc062723c751e8b465ee728b)
Start importing Assets/Scripts/CoinFlip.cs using Guid(7399d7c986a8c1f458aa470d0a45cc1d) Importer(815301076,1909f56bfc062723c751e8b465ee728b)  -> (artifact id: 'ca600d854d600d5145722faea47e14f8') in 0.003160 seconds
  Import took 0.004770 seconds .

AssetImportWorkerClient::OnTransportError - code=2 error=End of file
